<?xml version="1.0" encoding="UTF-8"?>
<!-- Generated by org.testng.reporters.JUnitReportReporter -->
<testsuite skipped="0" hostname="lenovo" name="testrunner.TestRunner" tests="1" failures="0" timestamp="23 May 2019 19:01:17 GMT" time="0.104" errors="0">
  <testcase name="feature" time="0.104" classname="testrunner.TestRunner"/>
</testsuite> <!-- testrunner.TestRunner -->
